<?xml version="1.0" encoding="UTF-8"?>
<testsuite name="util.IOReaderTest" tests="2" skipped="0" failures="0" errors="0" timestamp="2017-02-06T10:32:56" hostname="falk-12" time="0.018">
  <properties/>
  <testcase name="testIfFileIsMissing" classname="util.IOReaderTest" time="0.008"/>
  <testcase name="testReaderWith5Entries" classname="util.IOReaderTest" time="0.01"/>
  <system-out><![CDATA[]]></system-out>
  <system-err><![CDATA[]]></system-err>
</testsuite>
