<?xml version="1.0" encoding="UTF-8"?>
<testsuite name="resultMerge.TotalTimeCalculatorTest" tests="3" skipped="0" failures="0" errors="0" timestamp="2017-02-06T10:32:56" hostname="falk-12" time="0.0">
  <properties/>
  <testcase name="testFaultySyntax" classname="resultMerge.TotalTimeCalculatorTest" time="0.0"/>
  <testcase name="test" classname="resultMerge.TotalTimeCalculatorTest" time="0.0"/>
  <testcase name="testNegative" classname="resultMerge.TotalTimeCalculatorTest" time="0.0"/>
  <system-out><![CDATA[]]></system-out>
  <system-err><![CDATA[]]></system-err>
</testsuite>
