<?xml version="1.0" encoding="UTF-8"?>
<testsuite name="resultMerge.OneLapRaceTest" tests="6" skipped="0" failures="0" errors="0" timestamp="2017-02-06T10:32:56" hostname="falk-12" time="0.001">
  <properties/>
  <testcase name="testPossibleTotalTime" classname="resultMerge.OneLapRaceTest" time="0.0"/>
  <testcase name="testNoStartTime" classname="resultMerge.OneLapRaceTest" time="0.0"/>
  <testcase name="testNoFinishTime" classname="resultMerge.OneLapRaceTest" time="0.0"/>
  <testcase name="testImpossibleTotalTime" classname="resultMerge.OneLapRaceTest" time="0.0"/>
  <testcase name="testMultipleStartTimes" classname="resultMerge.OneLapRaceTest" time="0.0"/>
  <testcase name="testMultipleFinishTimes" classname="resultMerge.OneLapRaceTest" time="0.0"/>
  <system-out><![CDATA[]]></system-out>
  <system-err><![CDATA[]]></system-err>
</testsuite>
