<?xml version="1.0" encoding="UTF-8"?>
<testsuite name="resultMerge.DatabaseTest" tests="6" skipped="0" failures="0" errors="0" timestamp="2017-02-06T10:32:56" hostname="falk-12" time="0.002">
  <properties/>
  <testcase name="testStartAndFinish" classname="resultMerge.DatabaseTest" time="0.001"/>
  <testcase name="testRacerClass" classname="resultMerge.DatabaseTest" time="0.0"/>
  <testcase name="testAddStart" classname="resultMerge.DatabaseTest" time="0.0"/>
  <testcase name="testSeveralStarts" classname="resultMerge.DatabaseTest" time="0.0"/>
  <testcase name="testMultipleRacers" classname="resultMerge.DatabaseTest" time="0.0"/>
  <testcase name="testAddFinish" classname="resultMerge.DatabaseTest" time="0.0"/>
  <system-out><![CDATA[]]></system-out>
  <system-err><![CDATA[]]></system-err>
</testsuite>
